{"/Users/devin/Documents/Projects/expo-expo/__tests__/setup.ts": {"path":"/Users/devin/Documents/Projects/expo-expo/__tests__/setup.ts","statementMap":{"0":{"start":{"line":2,"column":0},"end":{"line":2,"column":66}},"1":{"start":{"line":3,"column":0},"end":{"line":3,"column":60}},"2":{"start":{"line":6,"column":0},"end":{"line":16,"column":4}},"3":{"start":{"line":6,"column":42},"end":{"line":16,"column":1}},"4":{"start":{"line":7,"column":31},"end":{"line":15,"column":3}},"5":{"start":{"line":19,"column":0},"end":{"line":27,"column":4}},"6":{"start":{"line":19,"column":40},"end":{"line":27,"column":1}},"7":{"start":{"line":30,"column":0},"end":{"line":42,"column":3}},"8":{"start":{"line":31,"column":21},"end":{"line":33,"column":3}},"9":{"start":{"line":34,"column":26},"end":{"line":34,"column":35}},"10":{"start":{"line":35,"column":24},"end":{"line":35,"column":49}},"11":{"start":{"line":35,"column":38},"end":{"line":35,"column":48}},"12":{"start":{"line":37,"column":2},"end":{"line":41,"column":4}},"13":{"start":{"line":49,"column":32},"end":{"line":49,"column":80}},"14":{"start":{"line":50,"column":26},"end":{"line":50,"column":62}},"15":{"start":{"line":51,"column":31},"end":{"line":51,"column":85}},"16":{"start":{"line":52,"column":29},"end":{"line":52,"column":79}},"17":{"start":{"line":55,"column":24},"end":{"line":60,"column":1}}},"fnMap":{"0":{"name":"(anonymous_0)","decl":{"start":{"line":6,"column":35},"end":{"line":6,"column":36}},"loc":{"start":{"line":6,"column":42},"end":{"line":16,"column":1}},"line":6},"1":{"name":"(anonymous_1)","decl":{"start":{"line":7,"column":24},"end":{"line":7,"column":25}},"loc":{"start":{"line":7,"column":31},"end":{"line":15,"column":3}},"line":7},"2":{"name":"(anonymous_2)","decl":{"start":{"line":19,"column":33},"end":{"line":19,"column":34}},"loc":{"start":{"line":19,"column":40},"end":{"line":27,"column":1}},"line":19},"3":{"name":"(anonymous_3)","decl":{"start":{"line":30,"column":25},"end":{"line":30,"column":26}},"loc":{"start":{"line":30,"column":31},"end":{"line":42,"column":1}},"line":30},"4":{"name":"(anonymous_4)","decl":{"start":{"line":35,"column":32},"end":{"line":35,"column":33}},"loc":{"start":{"line":35,"column":38},"end":{"line":35,"column":48}},"line":35}},"branchMap":{},"s":{"0":3,"1":3,"2":3,"3":0,"4":0,"5":3,"6":2,"7":3,"8":0,"9":0,"10":0,"11":0,"12":0,"13":3,"14":3,"15":3,"16":3,"17":3},"f":{"0":0,"1":0,"2":2,"3":0,"4":0},"b":{},"_coverageSchema":"1a1c01bbd47fc00a2c39e90264f33305004495a9","hash":"840c3a64fb635f1697069319bb98ac34c3ebd22c"}
,"/Users/devin/Documents/Projects/expo-expo/app/auth.tsx": {"path":"/Users/devin/Documents/Projects/expo-expo/app/auth.tsx","statementMap":{"0":{"start":{"line":9,"column":32},"end":{"line":9,"column":46}},"1":{"start":{"line":10,"column":28},"end":{"line":10,"column":40}},"2":{"start":{"line":11,"column":34},"end":{"line":11,"column":46}},"3":{"start":{"line":12,"column":47},"end":{"line":12,"column":56}},"4":{"start":{"line":14,"column":23},"end":{"line":23,"column":3}},"5":{"start":{"line":15,"column":24},"end":{"line":15,"column":43}},"6":{"start":{"line":16,"column":21},"end":{"line":16,"column":84}},"7":{"start":{"line":18,"column":4},"end":{"line":22,"column":5}},"8":{"start":{"line":19,"column":6},"end":{"line":21,"column":12}},"9":{"start":{"line":20,"column":8},"end":{"line":20,"column":34}},"10":{"start":{"line":25,"column":2},"end":{"line":79,"column":4}},"11":{"start":{"line":70,"column":25},"end":{"line":70,"column":45}},"12":{"start":{"line":82,"column":15},"end":{"line":121,"column":2}}},"fnMap":{"0":{"name":"AuthScreen","decl":{"start":{"line":8,"column":24},"end":{"line":8,"column":34}},"loc":{"start":{"line":8,"column":37},"end":{"line":80,"column":1}},"line":8},"1":{"name":"(anonymous_1)","decl":{"start":{"line":14,"column":23},"end":{"line":14,"column":24}},"loc":{"start":{"line":14,"column":35},"end":{"line":23,"column":3}},"line":14},"2":{"name":"(anonymous_2)","decl":{"start":{"line":19,"column":17},"end":{"line":19,"column":18}},"loc":{"start":{"line":19,"column":23},"end":{"line":21,"column":7}},"line":19},"3":{"name":"(anonymous_3)","decl":{"start":{"line":70,"column":19},"end":{"line":70,"column":20}},"loc":{"start":{"line":70,"column":25},"end":{"line":70,"column":45}},"line":70}},"branchMap":{"0":{"loc":{"start":{"line":16,"column":21},"end":{"line":16,"column":84}},"type":"cond-expr","locations":[{"start":{"line":16,"column":31},"end":{"line":16,"column":56}},{"start":{"line":16,"column":59},"end":{"line":16,"column":84}}],"line":16},"1":{"loc":{"start":{"line":18,"column":4},"end":{"line":22,"column":5}},"type":"if","locations":[{"start":{"line":18,"column":4},"end":{"line":22,"column":5}},{"start":{},"end":{}}],"line":18},"2":{"loc":{"start":{"line":28,"column":9},"end":{"line":28,"column":52}},"type":"cond-expr","locations":[{"start":{"line":28,"column":19},"end":{"line":28,"column":33}},{"start":{"line":28,"column":36},"end":{"line":28,"column":52}}],"line":28},"3":{"loc":{"start":{"line":49,"column":9},"end":{"line":53,"column":9}},"type":"binary-expr","locations":[{"start":{"line":49,"column":9},"end":{"line":49,"column":14}},{"start":{"line":50,"column":10},"end":{"line":52,"column":23}}],"line":49},"4":{"loc":{"start":{"line":59,"column":11},"end":{"line":65,"column":11}},"type":"cond-expr","locations":[{"start":{"line":60,"column":12},"end":{"line":60,"column":73}},{"start":{"line":62,"column":12},"end":{"line":64,"column":19}}],"line":59},"5":{"loc":{"start":{"line":63,"column":15},"end":{"line":63,"column":46}},"type":"cond-expr","locations":[{"start":{"line":63,"column":25},"end":{"line":63,"column":34}},{"start":{"line":63,"column":37},"end":{"line":63,"column":46}}],"line":63},"6":{"loc":{"start":{"line":72,"column":13},"end":{"line":74,"column":50}},"type":"cond-expr","locations":[{"start":{"line":73,"column":16},"end":{"line":73,"column":48}},{"start":{"line":74,"column":16},"end":{"line":74,"column":50}}],"line":72}},"s":{"0":13,"1":13,"2":13,"3":13,"4":13,"5":2,"6":2,"7":2,"8":2,"9":2,"10":13,"11":3,"12":1},"f":{"0":13,"1":2,"2":2,"3":3},"b":{"0":[1,1],"1":[2,0],"2":[9,4],"3":[13,1],"4":[1,12],"5":[8,4],"6":[9,4]},"_coverageSchema":"1a1c01bbd47fc00a2c39e90264f33305004495a9","hash":"7ae90987ebe3eda8e22b95e49d0bce98b5a05d13"}
,"/Users/devin/Documents/Projects/expo-expo/app/logout.tsx": {"path":"/Users/devin/Documents/Projects/expo-expo/app/logout.tsx","statementMap":{"0":{"start":{"line":5,"column":22},"end":{"line":5,"column":31}},"1":{"start":{"line":7,"column":2},"end":{"line":9,"column":9}},"2":{"start":{"line":8,"column":4},"end":{"line":8,"column":14}},"3":{"start":{"line":11,"column":2},"end":{"line":11,"column":14}}},"fnMap":{"0":{"name":"LogoutScreen","decl":{"start":{"line":4,"column":24},"end":{"line":4,"column":36}},"loc":{"start":{"line":4,"column":39},"end":{"line":12,"column":1}},"line":4},"1":{"name":"(anonymous_1)","decl":{"start":{"line":7,"column":12},"end":{"line":7,"column":13}},"loc":{"start":{"line":7,"column":18},"end":{"line":9,"column":3}},"line":7}},"branchMap":{},"s":{"0":2,"1":2,"2":2,"3":2},"f":{"0":2,"1":2},"b":{},"_coverageSchema":"1a1c01bbd47fc00a2c39e90264f33305004495a9","hash":"a467faace14eadec5fe980886946a5352d3a18b5"}
,"/Users/devin/Documents/Projects/expo-expo/app/(tabs)/index.tsx": {"path":"/Users/devin/Documents/Projects/expo-expo/app/(tabs)/index.tsx","statementMap":{"0":{"start":{"line":9,"column":2},"end":{"line":54,"column":4}},"1":{"start":{"line":57,"column":15},"end":{"line":74,"column":2}}},"fnMap":{"0":{"name":"HomeScreen","decl":{"start":{"line":8,"column":24},"end":{"line":8,"column":34}},"loc":{"start":{"line":8,"column":37},"end":{"line":55,"column":1}},"line":8}},"branchMap":{},"s":{"0":4,"1":1},"f":{"0":4},"b":{},"_coverageSchema":"1a1c01bbd47fc00a2c39e90264f33305004495a9","hash":"9cf63e021f92c230ef323e4a4651d2ec4e876b30"}
,"/Users/devin/Documents/Projects/expo-expo/assets/images/partial-react-logo.png": {"path":"/Users/devin/Documents/Projects/expo-expo/assets/images/partial-react-logo.png","statementMap":{"0":{"start":{"line":1,"column":0},"end":{"line":4,"column":6}}},"fnMap":{},"branchMap":{},"s":{"0":1},"f":{},"b":{},"_coverageSchema":"1a1c01bbd47fc00a2c39e90264f33305004495a9","hash":"89d918f1377c4f1a5d8d34160966e916e8ead001"}
,"/Users/devin/Documents/Projects/expo-expo/components/HelloWave.tsx": {"path":"/Users/devin/Documents/Projects/expo-expo/components/HelloWave.tsx","statementMap":{"0":{"start":{"line":14,"column":28},"end":{"line":14,"column":45}},"1":{"start":{"line":16,"column":2},"end":{"line":21,"column":9}},"2":{"start":{"line":17,"column":4},"end":{"line":20,"column":6}},"3":{"start":{"line":23,"column":24},"end":{"line":25,"column":5}},"4":{"start":{"line":23,"column":48},"end":{"line":25,"column":3}},"5":{"start":{"line":27,"column":2},"end":{"line":31,"column":4}},"6":{"start":{"line":34,"column":15},"end":{"line":40,"column":2}}},"fnMap":{"0":{"name":"HelloWave","decl":{"start":{"line":13,"column":16},"end":{"line":13,"column":25}},"loc":{"start":{"line":13,"column":28},"end":{"line":32,"column":1}},"line":13},"1":{"name":"(anonymous_1)","decl":{"start":{"line":16,"column":12},"end":{"line":16,"column":13}},"loc":{"start":{"line":16,"column":18},"end":{"line":21,"column":3}},"line":16},"2":{"name":"(anonymous_2)","decl":{"start":{"line":23,"column":41},"end":{"line":23,"column":42}},"loc":{"start":{"line":23,"column":48},"end":{"line":25,"column":3}},"line":23}},"branchMap":{},"s":{"0":4,"1":4,"2":4,"3":4,"4":12,"5":4,"6":1},"f":{"0":4,"1":4,"2":12},"b":{},"_coverageSchema":"1a1c01bbd47fc00a2c39e90264f33305004495a9","hash":"467ef023c14294d2219baf93d0989f3fc4dcd5c7"}
,"/Users/devin/Documents/Projects/expo-expo/components/ProtectedRoute.tsx": {"path":"/Users/devin/Documents/Projects/expo-expo/components/ProtectedRoute.tsx","statementMap":{"0":{"start":{"line":6,"column":30},"end":{"line":6,"column":39}},"1":{"start":{"line":7,"column":19},"end":{"line":7,"column":32}},"2":{"start":{"line":8,"column":17},"end":{"line":8,"column":28}},"3":{"start":{"line":10,"column":2},"end":{"line":22,"column":42}},"4":{"start":{"line":11,"column":4},"end":{"line":11,"column":26}},"5":{"start":{"line":11,"column":19},"end":{"line":11,"column":26}},"6":{"start":{"line":13,"column":24},"end":{"line":13,"column":46}},"7":{"start":{"line":15,"column":4},"end":{"line":21,"column":5}},"8":{"start":{"line":17,"column":6},"end":{"line":17,"column":30}},"9":{"start":{"line":18,"column":11},"end":{"line":21,"column":5}},"10":{"start":{"line":20,"column":6},"end":{"line":20,"column":32}},"11":{"start":{"line":25,"column":2},"end":{"line":27,"column":3}},"12":{"start":{"line":26,"column":4},"end":{"line":26,"column":16}},"13":{"start":{"line":29,"column":2},"end":{"line":29,"column":25}}},"fnMap":{"0":{"name":"ProtectedRoute","decl":{"start":{"line":5,"column":16},"end":{"line":5,"column":30}},"loc":{"start":{"line":5,"column":76},"end":{"line":30,"column":1}},"line":5},"1":{"name":"(anonymous_1)","decl":{"start":{"line":10,"column":12},"end":{"line":10,"column":13}},"loc":{"start":{"line":10,"column":18},"end":{"line":22,"column":3}},"line":10}},"branchMap":{"0":{"loc":{"start":{"line":11,"column":4},"end":{"line":11,"column":26}},"type":"if","locations":[{"start":{"line":11,"column":4},"end":{"line":11,"column":26}},{"start":{},"end":{}}],"line":11},"1":{"loc":{"start":{"line":15,"column":4},"end":{"line":21,"column":5}},"type":"if","locations":[{"start":{"line":15,"column":4},"end":{"line":21,"column":5}},{"start":{"line":18,"column":11},"end":{"line":21,"column":5}}],"line":15},"2":{"loc":{"start":{"line":15,"column":8},"end":{"line":15,"column":29}},"type":"binary-expr","locations":[{"start":{"line":15,"column":8},"end":{"line":15,"column":13}},{"start":{"line":15,"column":17},"end":{"line":15,"column":29}}],"line":15},"3":{"loc":{"start":{"line":18,"column":11},"end":{"line":21,"column":5}},"type":"if","locations":[{"start":{"line":18,"column":11},"end":{"line":21,"column":5}},{"start":{},"end":{}}],"line":18},"4":{"loc":{"start":{"line":18,"column":15},"end":{"line":18,"column":34}},"type":"binary-expr","locations":[{"start":{"line":18,"column":15},"end":{"line":18,"column":19}},{"start":{"line":18,"column":23},"end":{"line":18,"column":34}}],"line":18},"5":{"loc":{"start":{"line":25,"column":2},"end":{"line":27,"column":3}},"type":"if","locations":[{"start":{"line":25,"column":2},"end":{"line":27,"column":3}},{"start":{},"end":{}}],"line":25}},"s":{"0":5,"1":5,"2":5,"3":5,"4":5,"5":1,"6":4,"7":4,"8":1,"9":3,"10":1,"11":5,"12":1,"13":4},"f":{"0":5,"1":5},"b":{"0":[1,4],"1":[1,3],"2":[4,2],"3":[1,2],"4":[3,2],"5":[1,4]},"_coverageSchema":"1a1c01bbd47fc00a2c39e90264f33305004495a9","hash":"556244743bf25f042e297705645e1dc1e8424744"}
,"/Users/devin/Documents/Projects/expo-expo/components/ThemedText.tsx": {"path":"/Users/devin/Documents/Projects/expo-expo/components/ThemedText.tsx","statementMap":{"0":{"start":{"line":18,"column":16},"end":{"line":18,"column":77}},"1":{"start":{"line":20,"column":2},"end":{"line":33,"column":4}},"2":{"start":{"line":36,"column":15},"end":{"line":60,"column":2}}},"fnMap":{"0":{"name":"ThemedText","decl":{"start":{"line":11,"column":16},"end":{"line":11,"column":26}},"loc":{"start":{"line":17,"column":20},"end":{"line":34,"column":1}},"line":17}},"branchMap":{"0":{"loc":{"start":{"line":15,"column":2},"end":{"line":15,"column":18}},"type":"default-arg","locations":[{"start":{"line":15,"column":9},"end":{"line":15,"column":18}}],"line":15},"1":{"loc":{"start":{"line":24,"column":8},"end":{"line":24,"column":55}},"type":"cond-expr","locations":[{"start":{"line":24,"column":29},"end":{"line":24,"column":43}},{"start":{"line":24,"column":46},"end":{"line":24,"column":55}}],"line":24},"2":{"loc":{"start":{"line":25,"column":8},"end":{"line":25,"column":51}},"type":"cond-expr","locations":[{"start":{"line":25,"column":27},"end":{"line":25,"column":39}},{"start":{"line":25,"column":42},"end":{"line":25,"column":51}}],"line":25},"3":{"loc":{"start":{"line":26,"column":8},"end":{"line":26,"column":71}},"type":"cond-expr","locations":[{"start":{"line":26,"column":37},"end":{"line":26,"column":59}},{"start":{"line":26,"column":62},"end":{"line":26,"column":71}}],"line":26},"4":{"loc":{"start":{"line":27,"column":8},"end":{"line":27,"column":57}},"type":"cond-expr","locations":[{"start":{"line":27,"column":30},"end":{"line":27,"column":45}},{"start":{"line":27,"column":48},"end":{"line":27,"column":57}}],"line":27},"5":{"loc":{"start":{"line":28,"column":8},"end":{"line":28,"column":49}},"type":"cond-expr","locations":[{"start":{"line":28,"column":26},"end":{"line":28,"column":37}},{"start":{"line":28,"column":40},"end":{"line":28,"column":49}}],"line":28}},"s":{"0":89,"1":89,"2":3},"f":{"0":89},"b":{"0":[33],"1":[33,56],"2":[18,71],"3":[24,65],"4":[13,76],"5":[1,88]},"_coverageSchema":"1a1c01bbd47fc00a2c39e90264f33305004495a9","hash":"020dbfa947d449e7372839ca20123a8de5c075b2"}
,"/Users/devin/Documents/Projects/expo-expo/components/ThemedView.tsx": {"path":"/Users/devin/Documents/Projects/expo-expo/components/ThemedView.tsx","statementMap":{"0":{"start":{"line":11,"column":26},"end":{"line":11,"column":93}},"1":{"start":{"line":13,"column":2},"end":{"line":13,"column":71}}},"fnMap":{"0":{"name":"ThemedView","decl":{"start":{"line":10,"column":16},"end":{"line":10,"column":26}},"loc":{"start":{"line":10,"column":93},"end":{"line":14,"column":1}},"line":10}},"branchMap":{},"s":{"0":29,"1":29},"f":{"0":29},"b":{},"_coverageSchema":"1a1c01bbd47fc00a2c39e90264f33305004495a9","hash":"035a1f761ebd055e15b01a33912f23e36a532a7c"}
,"/Users/devin/Documents/Projects/expo-expo/constants/Colors.ts": {"path":"/Users/devin/Documents/Projects/expo-expo/constants/Colors.ts","statementMap":{"0":{"start":{"line":6,"column":23},"end":{"line":6,"column":32}},"1":{"start":{"line":7,"column":22},"end":{"line":7,"column":28}},"2":{"start":{"line":9,"column":22},"end":{"line":26,"column":1}}},"fnMap":{},"branchMap":{},"s":{"0":3,"1":3,"2":3},"f":{},"b":{},"_coverageSchema":"1a1c01bbd47fc00a2c39e90264f33305004495a9","hash":"5a1e533a39206968d7947d21f99e0aef957a9691"}
,"/Users/devin/Documents/Projects/expo-expo/hooks/useAuth.ts": {"path":"/Users/devin/Documents/Projects/expo-expo/hooks/useAuth.ts","statementMap":{"0":{"start":{"line":5,"column":18},"end":{"line":5,"column":41}},"1":{"start":{"line":6,"column":2},"end":{"line":8,"column":3}},"2":{"start":{"line":7,"column":4},"end":{"line":7,"column":67}},"3":{"start":{"line":9,"column":2},"end":{"line":9,"column":17}}},"fnMap":{"0":{"name":"useAuth","decl":{"start":{"line":4,"column":16},"end":{"line":4,"column":23}},"loc":{"start":{"line":4,"column":26},"end":{"line":10,"column":1}},"line":4}},"branchMap":{"0":{"loc":{"start":{"line":6,"column":2},"end":{"line":8,"column":3}},"type":"if","locations":[{"start":{"line":6,"column":2},"end":{"line":8,"column":3}},{"start":{},"end":{}}],"line":6}},"s":{"0":15,"1":15,"2":2,"3":13},"f":{"0":15},"b":{"0":[2,13]},"_coverageSchema":"1a1c01bbd47fc00a2c39e90264f33305004495a9","hash":"f83956d24a00d2b13ffe2feda4e0acf3a48b57b5"}
,"/Users/devin/Documents/Projects/expo-expo/hooks/useColorScheme.ts": {"path":"/Users/devin/Documents/Projects/expo-expo/hooks/useColorScheme.ts","statementMap":{},"fnMap":{},"branchMap":{},"s":{},"f":{},"b":{},"_coverageSchema":"1a1c01bbd47fc00a2c39e90264f33305004495a9","hash":"e4cd5d57656a3b7beec20edc1d5cfbc7b9221e13"}
,"/Users/devin/Documents/Projects/expo-expo/hooks/useThemeColor.ts": {"path":"/Users/devin/Documents/Projects/expo-expo/hooks/useThemeColor.ts","statementMap":{"0":{"start":{"line":13,"column":16},"end":{"line":13,"column":43}},"1":{"start":{"line":14,"column":25},"end":{"line":14,"column":37}},"2":{"start":{"line":16,"column":2},"end":{"line":20,"column":3}},"3":{"start":{"line":17,"column":4},"end":{"line":17,"column":26}},"4":{"start":{"line":19,"column":4},"end":{"line":19,"column":36}}},"fnMap":{"0":{"name":"useThemeColor","decl":{"start":{"line":9,"column":16},"end":{"line":9,"column":29}},"loc":{"start":{"line":12,"column":2},"end":{"line":21,"column":1}},"line":12}},"branchMap":{"0":{"loc":{"start":{"line":13,"column":16},"end":{"line":13,"column":43}},"type":"binary-expr","locations":[{"start":{"line":13,"column":16},"end":{"line":13,"column":32}},{"start":{"line":13,"column":36},"end":{"line":13,"column":43}}],"line":13},"1":{"loc":{"start":{"line":16,"column":2},"end":{"line":20,"column":3}},"type":"if","locations":[{"start":{"line":16,"column":2},"end":{"line":20,"column":3}},{"start":{"line":18,"column":9},"end":{"line":20,"column":3}}],"line":16}},"s":{"0":116,"1":116,"2":116,"3":1,"4":115},"f":{"0":116},"b":{"0":[116,1],"1":[1,115]},"_coverageSchema":"1a1c01bbd47fc00a2c39e90264f33305004495a9","hash":"ac3ce385047e358ecb5107dc7f81733f1573ff9f"}
,"/Users/devin/Documents/Projects/expo-expo/providers/AuthProvider.tsx": {"path":"/Users/devin/Documents/Projects/expo-expo/providers/AuthProvider.tsx","statementMap":{"0":{"start":{"line":6,"column":27},"end":{"line":6,"column":80}},"1":{"start":{"line":9,"column":28},"end":{"line":13,"column":4}},"2":{"start":{"line":15,"column":2},"end":{"line":18,"column":9}},"3":{"start":{"line":17,"column":4},"end":{"line":17,"column":16}},"4":{"start":{"line":20,"column":20},"end":{"line":35,"column":3}},"5":{"start":{"line":21,"column":4},"end":{"line":34,"column":5}},"6":{"start":{"line":22,"column":30},"end":{"line":22,"column":65}},"7":{"start":{"line":23,"column":6},"end":{"line":27,"column":9}},"8":{"start":{"line":29,"column":6},"end":{"line":33,"column":9}},"9":{"start":{"line":37,"column":17},"end":{"line":47,"column":3}},"10":{"start":{"line":38,"column":4},"end":{"line":38,"column":66}},"11":{"start":{"line":38,"column":22},"end":{"line":38,"column":63}},"12":{"start":{"line":39,"column":21},"end":{"line":39,"column":59}},"13":{"start":{"line":40,"column":4},"end":{"line":45,"column":8}},"14":{"start":{"line":40,"column":22},"end":{"line":45,"column":5}},"15":{"start":{"line":46,"column":4},"end":{"line":46,"column":20}},"16":{"start":{"line":49,"column":17},"end":{"line":59,"column":3}},"17":{"start":{"line":50,"column":4},"end":{"line":50,"column":66}},"18":{"start":{"line":50,"column":22},"end":{"line":50,"column":63}},"19":{"start":{"line":51,"column":21},"end":{"line":51,"column":59}},"20":{"start":{"line":52,"column":4},"end":{"line":57,"column":8}},"21":{"start":{"line":52,"column":22},"end":{"line":57,"column":5}},"22":{"start":{"line":58,"column":4},"end":{"line":58,"column":20}},"23":{"start":{"line":61,"column":18},"end":{"line":73,"column":3}},"24":{"start":{"line":62,"column":4},"end":{"line":62,"column":66}},"25":{"start":{"line":62,"column":22},"end":{"line":62,"column":63}},"26":{"start":{"line":63,"column":4},"end":{"line":63,"column":33}},"27":{"start":{"line":64,"column":4},"end":{"line":68,"column":7}},"28":{"start":{"line":70,"column":4},"end":{"line":72,"column":10}},"29":{"start":{"line":71,"column":6},"end":{"line":71,"column":30}},"30":{"start":{"line":75,"column":24},"end":{"line":84,"column":3}},"31":{"start":{"line":76,"column":4},"end":{"line":76,"column":66}},"32":{"start":{"line":76,"column":22},"end":{"line":76,"column":63}},"33":{"start":{"line":77,"column":21},"end":{"line":77,"column":60}},"34":{"start":{"line":78,"column":4},"end":{"line":82,"column":8}},"35":{"start":{"line":78,"column":22},"end":{"line":82,"column":5}},"36":{"start":{"line":83,"column":4},"end":{"line":83,"column":20}},"37":{"start":{"line":87,"column":2},"end":{"line":89,"column":3}},"38":{"start":{"line":88,"column":4},"end":{"line":88,"column":16}},"39":{"start":{"line":91,"column":2},"end":{"line":102,"column":4}}},"fnMap":{"0":{"name":"AuthProvider","decl":{"start":{"line":8,"column":16},"end":{"line":8,"column":28}},"loc":{"start":{"line":8,"column":74},"end":{"line":103,"column":1}},"line":8},"1":{"name":"(anonymous_1)","decl":{"start":{"line":15,"column":12},"end":{"line":15,"column":13}},"loc":{"start":{"line":15,"column":18},"end":{"line":18,"column":3}},"line":15},"2":{"name":"(anonymous_2)","decl":{"start":{"line":20,"column":20},"end":{"line":20,"column":21}},"loc":{"start":{"line":20,"column":32},"end":{"line":35,"column":3}},"line":20},"3":{"name":"(anonymous_3)","decl":{"start":{"line":37,"column":17},"end":{"line":37,"column":18}},"loc":{"start":{"line":37,"column":57},"end":{"line":47,"column":3}},"line":37},"4":{"name":"(anonymous_4)","decl":{"start":{"line":38,"column":13},"end":{"line":38,"column":14}},"loc":{"start":{"line":38,"column":22},"end":{"line":38,"column":63}},"line":38},"5":{"name":"(anonymous_5)","decl":{"start":{"line":40,"column":13},"end":{"line":40,"column":14}},"loc":{"start":{"line":40,"column":22},"end":{"line":45,"column":5}},"line":40},"6":{"name":"(anonymous_6)","decl":{"start":{"line":49,"column":17},"end":{"line":49,"column":18}},"loc":{"start":{"line":49,"column":57},"end":{"line":59,"column":3}},"line":49},"7":{"name":"(anonymous_7)","decl":{"start":{"line":50,"column":13},"end":{"line":50,"column":14}},"loc":{"start":{"line":50,"column":22},"end":{"line":50,"column":63}},"line":50},"8":{"name":"(anonymous_8)","decl":{"start":{"line":52,"column":13},"end":{"line":52,"column":14}},"loc":{"start":{"line":52,"column":22},"end":{"line":57,"column":5}},"line":52},"9":{"name":"(anonymous_9)","decl":{"start":{"line":61,"column":18},"end":{"line":61,"column":19}},"loc":{"start":{"line":61,"column":30},"end":{"line":73,"column":3}},"line":61},"10":{"name":"(anonymous_10)","decl":{"start":{"line":62,"column":13},"end":{"line":62,"column":14}},"loc":{"start":{"line":62,"column":22},"end":{"line":62,"column":63}},"line":62},"11":{"name":"(anonymous_11)","decl":{"start":{"line":70,"column":15},"end":{"line":70,"column":16}},"loc":{"start":{"line":70,"column":21},"end":{"line":72,"column":5}},"line":70},"12":{"name":"(anonymous_12)","decl":{"start":{"line":75,"column":24},"end":{"line":75,"column":25}},"loc":{"start":{"line":75,"column":49},"end":{"line":84,"column":3}},"line":75},"13":{"name":"(anonymous_13)","decl":{"start":{"line":76,"column":13},"end":{"line":76,"column":14}},"loc":{"start":{"line":76,"column":22},"end":{"line":76,"column":63}},"line":76},"14":{"name":"(anonymous_14)","decl":{"start":{"line":78,"column":13},"end":{"line":78,"column":14}},"loc":{"start":{"line":78,"column":22},"end":{"line":82,"column":5}},"line":78}},"branchMap":{"0":{"loc":{"start":{"line":26,"column":15},"end":{"line":26,"column":28}},"type":"binary-expr","locations":[{"start":{"line":26,"column":15},"end":{"line":26,"column":20}},{"start":{"line":26,"column":24},"end":{"line":26,"column":28}}],"line":26},"1":{"loc":{"start":{"line":87,"column":2},"end":{"line":89,"column":3}},"type":"if","locations":[{"start":{"line":87,"column":2},"end":{"line":89,"column":3}},{"start":{},"end":{}}],"line":87}},"s":{"0":5,"1":19,"2":19,"3":7,"4":19,"5":7,"6":7,"7":6,"8":1,"9":19,"10":1,"11":1,"12":1,"13":1,"14":1,"15":1,"16":19,"17":2,"18":2,"19":2,"20":2,"21":2,"22":2,"23":19,"24":1,"25":1,"26":1,"27":1,"28":1,"29":1,"30":19,"31":1,"32":1,"33":1,"34":1,"35":1,"36":1,"37":19,"38":7,"39":12},"f":{"0":19,"1":7,"2":7,"3":1,"4":1,"5":1,"6":2,"7":2,"8":2,"9":1,"10":1,"11":1,"12":1,"13":1,"14":1},"b":{"0":[6,6],"1":[7,12]},"_coverageSchema":"1a1c01bbd47fc00a2c39e90264f33305004495a9","hash":"ed3e45d6def08484d8df090a970e661c911b633c"}
}
