TN:
SF:__tests__/setup.ts
FN:6,(anonymous_0)
FN:7,(anonymous_1)
FN:19,(anonymous_2)
FN:30,(anonymous_3)
FN:35,(anonymous_4)
FNF:5
FNH:1
FNDA:0,(anonymous_0)
FNDA:0,(anonymous_1)
FNDA:2,(anonymous_2)
FNDA:0,(anonymous_3)
FNDA:0,(anonymous_4)
DA:2,3
DA:3,3
DA:6,3
DA:7,0
DA:19,3
DA:30,3
DA:31,0
DA:34,0
DA:35,0
DA:37,0
DA:49,3
DA:50,3
DA:51,3
DA:52,3
DA:55,3
LF:15
LH:10
BRF:0
BRH:0
end_of_record
TN:
SF:app/auth.tsx
FN:8,AuthScreen
FN:14,(anonymous_1)
FN:19,(anonymous_2)
FN:70,(anonymous_3)
FNF:4
FNH:4
FNDA:13,AuthScreen
FNDA:2,(anonymous_1)
FNDA:2,(anonymous_2)
FNDA:3,(anonymous_3)
DA:9,13
DA:10,13
DA:11,13
DA:12,13
DA:14,13
DA:15,2
DA:16,2
DA:18,2
DA:19,2
DA:20,2
DA:25,13
DA:70,3
DA:82,1
LF:13
LH:13
BRDA:16,0,0,1
BRDA:16,0,1,1
BRDA:18,1,0,2
BRDA:18,1,1,0
BRDA:28,2,0,9
BRDA:28,2,1,4
BRDA:49,3,0,13
BRDA:49,3,1,1
BRDA:59,4,0,1
BRDA:59,4,1,12
BRDA:63,5,0,8
BRDA:63,5,1,4
BRDA:72,6,0,9
BRDA:72,6,1,4
BRF:14
BRH:13
end_of_record
TN:
SF:app/logout.tsx
FN:4,LogoutScreen
FN:7,(anonymous_1)
FNF:2
FNH:2
FNDA:2,LogoutScreen
FNDA:2,(anonymous_1)
DA:5,2
DA:7,2
DA:8,2
DA:11,2
LF:4
LH:4
BRF:0
BRH:0
end_of_record
TN:
SF:app/(tabs)/index.tsx
FN:8,HomeScreen
FNF:1
FNH:1
FNDA:4,HomeScreen
DA:9,4
DA:57,1
LF:2
LH:2
BRF:0
BRH:0
end_of_record
TN:
SF:assets/images/partial-react-logo.png
FNF:0
FNH:0
DA:1,1
LF:1
LH:1
BRF:0
BRH:0
end_of_record
TN:
SF:components/HelloWave.tsx
FN:13,HelloWave
FN:16,(anonymous_1)
FN:23,(anonymous_2)
FNF:3
FNH:3
FNDA:4,HelloWave
FNDA:4,(anonymous_1)
FNDA:12,(anonymous_2)
DA:14,4
DA:16,4
DA:17,4
DA:23,12
DA:27,4
DA:34,1
LF:6
LH:6
BRF:0
BRH:0
end_of_record
TN:
SF:components/ProtectedRoute.tsx
FN:5,ProtectedRoute
FN:10,(anonymous_1)
FNF:2
FNH:2
FNDA:5,ProtectedRoute
FNDA:5,(anonymous_1)
DA:6,5
DA:7,5
DA:8,5
DA:10,5
DA:11,5
DA:13,4
DA:15,4
DA:17,1
DA:18,3
DA:20,1
DA:25,5
DA:26,1
DA:29,4
LF:13
LH:13
BRDA:11,0,0,1
BRDA:11,0,1,4
BRDA:15,1,0,1
BRDA:15,1,1,3
BRDA:15,2,0,4
BRDA:15,2,1,2
BRDA:18,3,0,1
BRDA:18,3,1,2
BRDA:18,4,0,3
BRDA:18,4,1,2
BRDA:25,5,0,1
BRDA:25,5,1,4
BRF:12
BRH:12
end_of_record
TN:
SF:components/ThemedText.tsx
FN:11,ThemedText
FNF:1
FNH:1
FNDA:89,ThemedText
DA:18,89
DA:20,89
DA:36,3
LF:3
LH:3
BRDA:15,0,0,33
BRDA:24,1,0,33
BRDA:24,1,1,56
BRDA:25,2,0,18
BRDA:25,2,1,71
BRDA:26,3,0,24
BRDA:26,3,1,65
BRDA:27,4,0,13
BRDA:27,4,1,76
BRDA:28,5,0,1
BRDA:28,5,1,88
BRF:11
BRH:11
end_of_record
TN:
SF:components/ThemedView.tsx
FN:10,ThemedView
FNF:1
FNH:1
FNDA:29,ThemedView
DA:11,29
DA:13,29
LF:2
LH:2
BRF:0
BRH:0
end_of_record
TN:
SF:constants/Colors.ts
FNF:0
FNH:0
DA:6,3
DA:7,3
DA:9,3
LF:3
LH:3
BRF:0
BRH:0
end_of_record
TN:
SF:hooks/useAuth.ts
FN:4,useAuth
FNF:1
FNH:1
FNDA:15,useAuth
DA:5,15
DA:6,15
DA:7,2
DA:9,13
LF:4
LH:4
BRDA:6,0,0,2
BRDA:6,0,1,13
BRF:2
BRH:2
end_of_record
TN:
SF:hooks/useColorScheme.ts
FNF:0
FNH:0
LF:0
LH:0
BRF:0
BRH:0
end_of_record
TN:
SF:hooks/useThemeColor.ts
FN:9,useThemeColor
FNF:1
FNH:1
FNDA:116,useThemeColor
DA:13,116
DA:14,116
DA:16,116
DA:17,1
DA:19,115
LF:5
LH:5
BRDA:13,0,0,116
BRDA:13,0,1,1
BRDA:16,1,0,1
BRDA:16,1,1,115
BRF:4
BRH:4
end_of_record
TN:
SF:providers/AuthProvider.tsx
FN:8,AuthProvider
FN:15,(anonymous_1)
FN:20,(anonymous_2)
FN:37,(anonymous_3)
FN:38,(anonymous_4)
FN:40,(anonymous_5)
FN:49,(anonymous_6)
FN:50,(anonymous_7)
FN:52,(anonymous_8)
FN:61,(anonymous_9)
FN:62,(anonymous_10)
FN:70,(anonymous_11)
FN:75,(anonymous_12)
FN:76,(anonymous_13)
FN:78,(anonymous_14)
FNF:15
FNH:15
FNDA:19,AuthProvider
FNDA:7,(anonymous_1)
FNDA:7,(anonymous_2)
FNDA:1,(anonymous_3)
FNDA:1,(anonymous_4)
FNDA:1,(anonymous_5)
FNDA:2,(anonymous_6)
FNDA:2,(anonymous_7)
FNDA:2,(anonymous_8)
FNDA:1,(anonymous_9)
FNDA:1,(anonymous_10)
FNDA:1,(anonymous_11)
FNDA:1,(anonymous_12)
FNDA:1,(anonymous_13)
FNDA:1,(anonymous_14)
DA:6,5
DA:9,19
DA:15,19
DA:17,7
DA:20,19
DA:21,7
DA:22,7
DA:23,6
DA:29,1
DA:37,19
DA:38,1
DA:39,1
DA:40,1
DA:46,1
DA:49,19
DA:50,2
DA:51,2
DA:52,2
DA:58,2
DA:61,19
DA:62,1
DA:63,1
DA:64,1
DA:70,1
DA:71,1
DA:75,19
DA:76,1
DA:77,1
DA:78,1
DA:83,1
DA:87,19
DA:88,7
DA:91,12
LF:33
LH:33
BRDA:26,0,0,6
BRDA:26,0,1,6
BRDA:87,1,0,7
BRDA:87,1,1,12
BRF:4
BRH:4
end_of_record
